[ 2016-03-31T09:15:12+08:00 ] 127.0.0.1 /Sdorms/index.php/Admin/Article/detail/cate/29/mid/8/id/339
INFO: [ app_init ] --START--
INFO: Run Behavior\BuildLiteBehavior [ RunTime:0.000023s ]
INFO: [ app_init ] --END-- [ RunTime:0.000164s ]
INFO: [ app_begin ] --START--
INFO: Run Behavior\ReadHtmlCacheBehavior [ RunTime:0.000086s ]
INFO: [ app_begin ] --END-- [ RunTime:0.000148s ]
SQL: SHOW COLUMNS FROM `cate` [ RunTime:0.0011s ]
SQL: SELECT * FROM `cate` WHERE `id` = 29 LIMIT 1   [ RunTime:0.0003s ]
SQL: SHOW COLUMNS FROM `model` [ RunTime:0.0009s ]
SQL: SELECT `id`,`name` FROM `model` WHERE `id` IN ('8')  [ RunTime:0.0002s ]
SQL: SHOW COLUMNS FROM `model` [ RunTime:0.0009s ]
SQL: SELECT * FROM `model` WHERE `id` = 8 LIMIT 1   [ RunTime:0.0002s ]
SQL: SHOW COLUMNS FROM `room` [ RunTime:0.0009s ]
SQL: select * from cate_atc WHERE id=339 [ RunTime:0.0002s ]
SQL: SELECT * FROM `room` WHERE ( id=22 ) LIMIT 1   [ RunTime:0.0002s ]
INFO: [ view_parse ] --START--
INFO: [ template_filter ] --START--
INFO: Run Behavior\ContentReplaceBehavior [ RunTime:0.000092s ]
INFO: [ template_filter ] --END-- [ RunTime:0.000140s ]
INFO: [ cate ] --START--
SQL: select id,`name`,pre_cate,uri,icon from cate WHERE pre_cate=0 AND status=7 ORDER BY `LEVEL` [ RunTime:0.0002s ]
SQL: select id,`name`,pre_cate,uri,icon from cate WHERE pre_cate=30 AND status=7 ORDER BY `LEVEL` [ RunTime:0.0002s ]
SQL: select id,`name`,pre_cate,uri,icon from cate WHERE pre_cate=28 AND status=7 ORDER BY `LEVEL` [ RunTime:0.0002s ]
SQL: select id,`name`,pre_cate,uri,icon from cate WHERE pre_cate=29 AND status=7 ORDER BY `LEVEL` [ RunTime:0.0001s ]
NOTIC: [2] Missing argument 2 for Admin\Behaviors\CateBehavior::cateNav(), called in /var/www/html/Sdorms/Kc/Admin/Behaviors/CateBehavior.class.php on line 40 and defined /var/www/html/Sdorms/Kc/Admin/Behaviors/CateBehavior.class.php 第 64 行.
INFO: Run Admin\Behaviors\CateBehavior [ RunTime:0.001391s ]
INFO: [ cate ] --END-- [ RunTime:0.001440s ]
INFO: Run Behavior\ParseTemplateBehavior [ RunTime:0.030060s ]
INFO: [ view_parse ] --END-- [ RunTime:0.030117s ]
INFO: [ view_filter ] --START--
INFO: Run Behavior\WriteHtmlCacheBehavior [ RunTime:0.000107s ]
INFO: [ view_filter ] --END-- [ RunTime:0.000160s ]
INFO: [ app_end ] --START--
INFO: Run Behavior\ShowPageTraceBehavior [ RunTime:0.000095s ]
INFO: [ app_end ] --END-- [ RunTime:0.000165s ]

[ 2016-03-31T09:15:12+08:00 ] 127.0.0.1 /Sdorms/index.php/Admin/Article/detail/cate/29/mid/8/id/assets/js/flatvideo/jquery.fitvids.js
INFO: [ app_init ] --START--
INFO: Run Behavior\BuildLiteBehavior [ RunTime:0.000024s ]
INFO: [ app_init ] --END-- [ RunTime:0.000107s ]
INFO: [ app_begin ] --START--
INFO: Run Behavior\ReadHtmlCacheBehavior [ RunTime:0.000057s ]
INFO: [ app_begin ] --END-- [ RunTime:0.000102s ]
SQL: SHOW COLUMNS FROM `cate` [ RunTime:0.0007s ]
SQL: SELECT * FROM `cate` WHERE `id` = 29 LIMIT 1   [ RunTime:0.0001s ]
SQL: SHOW COLUMNS FROM `model` [ RunTime:0.0006s ]
SQL: SELECT `id`,`name` FROM `model` WHERE `id` IN ('8')  [ RunTime:0.0001s ]
SQL: SHOW COLUMNS FROM `model` [ RunTime:0.0007s ]
SQL: SELECT * FROM `model` WHERE `id` = 8 LIMIT 1   [ RunTime:0.0002s ]
SQL: SHOW COLUMNS FROM `room` [ RunTime:0.0008s ]
ERR: SQLSTATE[42S22]: Column not found: 1054 Unknown column 'assets' in 'where clause'

[ 2016-03-31T09:15:12+08:00 ] 127.0.0.1 /Sdorms/index.php/Admin/Article/detail/cate/29/mid/8/id/assets/js/flatvideo/jquery.fitvids.js
INFO: [ app_init ] --START--
INFO: Run Behavior\BuildLiteBehavior [ RunTime:0.000009s ]
INFO: [ app_init ] --END-- [ RunTime:0.000064s ]
INFO: [ app_begin ] --START--
INFO: Run Behavior\ReadHtmlCacheBehavior [ RunTime:0.000025s ]
INFO: [ app_begin ] --END-- [ RunTime:0.000052s ]
SQL: SHOW COLUMNS FROM `cate` [ RunTime:0.0005s ]
SQL: SELECT * FROM `cate` WHERE `id` = 29 LIMIT 1   [ RunTime:0.0001s ]
SQL: SHOW COLUMNS FROM `model` [ RunTime:0.0004s ]
SQL: SELECT `id`,`name` FROM `model` WHERE `id` IN ('8')  [ RunTime:0.0001s ]
SQL: SHOW COLUMNS FROM `model` [ RunTime:0.0004s ]
SQL: SELECT * FROM `model` WHERE `id` = 8 LIMIT 1   [ RunTime:0.0001s ]
SQL: SHOW COLUMNS FROM `room` [ RunTime:0.0004s ]
ERR: SQLSTATE[42S22]: Column not found: 1054 Unknown column 'assets' in 'where clause'

[ 2016-03-31T09:15:16+08:00 ] 127.0.0.1 /Sdorms/index.php/Admin/Article/detail/cate/29/mid/8/id/338
INFO: [ app_init ] --START--
INFO: Run Behavior\BuildLiteBehavior [ RunTime:0.000018s ]
INFO: [ app_init ] --END-- [ RunTime:0.000135s ]
INFO: [ app_begin ] --START--
INFO: Run Behavior\ReadHtmlCacheBehavior [ RunTime:0.000042s ]
INFO: [ app_begin ] --END-- [ RunTime:0.000081s ]
SQL: SHOW COLUMNS FROM `cate` [ RunTime:0.0005s ]
SQL: SELECT * FROM `cate` WHERE `id` = 29 LIMIT 1   [ RunTime:0.0001s ]
SQL: SHOW COLUMNS FROM `model` [ RunTime:0.0004s ]
SQL: SELECT `id`,`name` FROM `model` WHERE `id` IN ('8')  [ RunTime:0.0001s ]
SQL: SHOW COLUMNS FROM `model` [ RunTime:0.0005s ]
SQL: SELECT * FROM `model` WHERE `id` = 8 LIMIT 1   [ RunTime:0.0001s ]
SQL: SHOW COLUMNS FROM `room` [ RunTime:0.0007s ]
SQL: select * from cate_atc WHERE id=338 [ RunTime:0.0002s ]
SQL: SELECT * FROM `room` WHERE ( id=21 ) LIMIT 1   [ RunTime:0.0002s ]
INFO: [ view_parse ] --START--
INFO: [ template_filter ] --START--
INFO: Run Behavior\ContentReplaceBehavior [ RunTime:0.000100s ]
INFO: [ template_filter ] --END-- [ RunTime:0.000144s ]
INFO: [ cate ] --START--
SQL: select id,`name`,pre_cate,uri,icon from cate WHERE pre_cate=0 AND status=7 ORDER BY `LEVEL` [ RunTime:0.0001s ]
SQL: select id,`name`,pre_cate,uri,icon from cate WHERE pre_cate=30 AND status=7 ORDER BY `LEVEL` [ RunTime:0.0001s ]
SQL: select id,`name`,pre_cate,uri,icon from cate WHERE pre_cate=28 AND status=7 ORDER BY `LEVEL` [ RunTime:0.0002s ]
SQL: select id,`name`,pre_cate,uri,icon from cate WHERE pre_cate=29 AND status=7 ORDER BY `LEVEL` [ RunTime:0.0002s ]
NOTIC: [2] Missing argument 2 for Admin\Behaviors\CateBehavior::cateNav(), called in /var/www/html/Sdorms/Kc/Admin/Behaviors/CateBehavior.class.php on line 40 and defined /var/www/html/Sdorms/Kc/Admin/Behaviors/CateBehavior.class.php 第 64 行.
INFO: Run Admin\Behaviors\CateBehavior [ RunTime:0.001037s ]
INFO: [ cate ] --END-- [ RunTime:0.001067s ]
INFO: Run Behavior\ParseTemplateBehavior [ RunTime:0.021128s ]
INFO: [ view_parse ] --END-- [ RunTime:0.021166s ]
INFO: [ view_filter ] --START--
INFO: Run Behavior\WriteHtmlCacheBehavior [ RunTime:0.000035s ]
INFO: [ view_filter ] --END-- [ RunTime:0.000056s ]
INFO: [ app_end ] --START--
INFO: Run Behavior\ShowPageTraceBehavior [ RunTime:0.000042s ]
INFO: [ app_end ] --END-- [ RunTime:0.000073s ]

[ 2016-03-31T09:15:16+08:00 ] 127.0.0.1 /Sdorms/index.php/Admin/Article/detail/cate/29/mid/8/id/assets/js/flatvideo/jquery.fitvids.js
INFO: [ app_init ] --START--
INFO: Run Behavior\BuildLiteBehavior [ RunTime:0.000018s ]
INFO: [ app_init ] --END-- [ RunTime:0.000117s ]
INFO: [ app_begin ] --START--
INFO: Run Behavior\ReadHtmlCacheBehavior [ RunTime:0.000059s ]
INFO: [ app_begin ] --END-- [ RunTime:0.000114s ]
SQL: SHOW COLUMNS FROM `cate` [ RunTime:0.0007s ]
SQL: SELECT * FROM `cate` WHERE `id` = 29 LIMIT 1   [ RunTime:0.0001s ]
SQL: SHOW COLUMNS FROM `model` [ RunTime:0.0009s ]
SQL: SELECT `id`,`name` FROM `model` WHERE `id` IN ('8')  [ RunTime:0.0001s ]
SQL: SHOW COLUMNS FROM `model` [ RunTime:0.0006s ]
SQL: SELECT * FROM `model` WHERE `id` = 8 LIMIT 1   [ RunTime:0.0001s ]
SQL: SHOW COLUMNS FROM `room` [ RunTime:0.0005s ]
ERR: SQLSTATE[42S22]: Column not found: 1054 Unknown column 'assets' in 'where clause'

[ 2016-03-31T09:15:16+08:00 ] 127.0.0.1 /Sdorms/index.php/Admin/Article/detail/cate/29/mid/8/id/assets/js/flatvideo/jquery.fitvids.js
INFO: [ app_init ] --START--
INFO: Run Behavior\BuildLiteBehavior [ RunTime:0.000012s ]
INFO: [ app_init ] --END-- [ RunTime:0.000070s ]
INFO: [ app_begin ] --START--
INFO: Run Behavior\ReadHtmlCacheBehavior [ RunTime:0.000026s ]
INFO: [ app_begin ] --END-- [ RunTime:0.000052s ]
SQL: SHOW COLUMNS FROM `cate` [ RunTime:0.0006s ]
SQL: SELECT * FROM `cate` WHERE `id` = 29 LIMIT 1   [ RunTime:0.0001s ]
SQL: SHOW COLUMNS FROM `model` [ RunTime:0.0005s ]
SQL: SELECT `id`,`name` FROM `model` WHERE `id` IN ('8')  [ RunTime:0.0001s ]
SQL: SHOW COLUMNS FROM `model` [ RunTime:0.0005s ]
SQL: SELECT * FROM `model` WHERE `id` = 8 LIMIT 1   [ RunTime:0.0001s ]
SQL: SHOW COLUMNS FROM `room` [ RunTime:0.0005s ]
ERR: SQLSTATE[42S22]: Column not found: 1054 Unknown column 'assets' in 'where clause'

[ 2016-03-31T09:34:24+08:00 ] ::1 /Sdorms/index.php/Admin/Article/detail/cate/29/mid/8
INFO: [ app_init ] --START--
INFO: Run Behavior\BuildLiteBehavior [ RunTime:0.000015s ]
INFO: [ app_init ] --END-- [ RunTime:0.000103s ]
INFO: [ app_begin ] --START--
INFO: Run Behavior\ReadHtmlCacheBehavior [ RunTime:0.000059s ]
INFO: [ app_begin ] --END-- [ RunTime:0.000100s ]
SQL: SHOW COLUMNS FROM `cate` [ RunTime:0.0008s ]
SQL: SELECT * FROM `cate` WHERE `id` = 29 LIMIT 1   [ RunTime:0.0002s ]
SQL: SHOW COLUMNS FROM `model` [ RunTime:0.0008s ]
SQL: SELECT `id`,`name` FROM `model` WHERE `id` IN ('8')  [ RunTime:0.0002s ]
ERR: 参数错误或者未定义:id

[ 2016-03-31T10:02:22+08:00 ] 127.0.0.1 /Sdorms/index.php/Admin/Article/detail/cate/29/mid/8/id/assets/js/flatvideo/jquery.fitvids.js
INFO: [ app_init ] --START--
INFO: Run Behavior\BuildLiteBehavior [ RunTime:0.000016s ]
INFO: [ app_init ] --END-- [ RunTime:0.000122s ]
INFO: [ app_begin ] --START--
INFO: Run Behavior\ReadHtmlCacheBehavior [ RunTime:0.000056s ]
INFO: [ app_begin ] --END-- [ RunTime:0.000095s ]
SQL: SHOW COLUMNS FROM `cate` [ RunTime:0.0005s ]
SQL: SELECT * FROM `cate` WHERE `id` = 29 LIMIT 1   [ RunTime:0.0001s ]
SQL: SHOW COLUMNS FROM `model` [ RunTime:0.0007s ]
SQL: SELECT `id`,`name` FROM `model` WHERE `id` IN ('8')  [ RunTime:0.0001s ]
SQL: SHOW COLUMNS FROM `model` [ RunTime:0.0004s ]
SQL: SELECT * FROM `model` WHERE `id` = 8 LIMIT 1   [ RunTime:0.0001s ]
SQL: SHOW COLUMNS FROM `room` [ RunTime:0.0006s ]
ERR: SQLSTATE[42S22]: Column not found: 1054 Unknown column 'assets' in 'where clause'

[ 2016-03-31T10:02:23+08:00 ] 127.0.0.1 /Sdorms/index.php/Admin/Article/detail/cate/29/mid/8/id/assets/js/flatvideo/jquery.fitvids.js
INFO: [ app_init ] --START--
INFO: Run Behavior\BuildLiteBehavior [ RunTime:0.000019s ]
INFO: [ app_init ] --END-- [ RunTime:0.000131s ]
INFO: [ app_begin ] --START--
INFO: Run Behavior\ReadHtmlCacheBehavior [ RunTime:0.000059s ]
INFO: [ app_begin ] --END-- [ RunTime:0.000125s ]
SQL: SHOW COLUMNS FROM `cate` [ RunTime:0.0005s ]
SQL: SELECT * FROM `cate` WHERE `id` = 29 LIMIT 1   [ RunTime:0.0002s ]
SQL: SHOW COLUMNS FROM `model` [ RunTime:0.0005s ]
SQL: SELECT `id`,`name` FROM `model` WHERE `id` IN ('8')  [ RunTime:0.0001s ]
SQL: SHOW COLUMNS FROM `model` [ RunTime:0.0004s ]
SQL: SELECT * FROM `model` WHERE `id` = 8 LIMIT 1   [ RunTime:0.0001s ]
SQL: SHOW COLUMNS FROM `room` [ RunTime:0.0004s ]
ERR: SQLSTATE[42S22]: Column not found: 1054 Unknown column 'assets' in 'where clause'

[ 2016-03-31T15:56:00+08:00 ] 127.0.0.1 /Sdorms/index.php/Admin/Article/detail/cate/29/mid/8/id/337
INFO: [ app_init ] --START--
INFO: Run Behavior\BuildLiteBehavior [ RunTime:0.000015s ]
INFO: [ app_init ] --END-- [ RunTime:0.000104s ]
INFO: [ app_begin ] --START--
INFO: Run Behavior\ReadHtmlCacheBehavior [ RunTime:0.000061s ]
INFO: [ app_begin ] --END-- [ RunTime:0.000101s ]
SQL: SHOW COLUMNS FROM `cate` [ RunTime:0.0005s ]
SQL: SELECT * FROM `cate` WHERE `id` = 29 LIMIT 1   [ RunTime:0.0001s ]
SQL: SHOW COLUMNS FROM `model` [ RunTime:0.0005s ]
SQL: SELECT `id`,`name` FROM `model` WHERE `id` IN ('8')  [ RunTime:0.0001s ]
SQL: SHOW COLUMNS FROM `model` [ RunTime:0.0004s ]
SQL: SELECT * FROM `model` WHERE `id` = 8 LIMIT 1   [ RunTime:0.0001s ]
SQL: SHOW COLUMNS FROM `room` [ RunTime:0.0004s ]
SQL: select * from cate_atc WHERE id=337 [ RunTime:0.0002s ]
SQL: SELECT * FROM `room` WHERE ( id=20 ) LIMIT 1   [ RunTime:0.0001s ]
INFO: [ view_parse ] --START--
INFO: [ template_filter ] --START--
INFO: Run Behavior\ContentReplaceBehavior [ RunTime:0.000126s ]
INFO: [ template_filter ] --END-- [ RunTime:0.000180s ]
INFO: [ cate ] --START--
SQL: select id,`name`,pre_cate,uri,icon from cate WHERE pre_cate=0 AND status=7 ORDER BY `LEVEL` [ RunTime:0.0002s ]
SQL: select id,`name`,pre_cate,uri,icon from cate WHERE pre_cate=30 AND status=7 ORDER BY `LEVEL` [ RunTime:0.0001s ]
SQL: select id,`name`,pre_cate,uri,icon from cate WHERE pre_cate=28 AND status=7 ORDER BY `LEVEL` [ RunTime:0.0002s ]
SQL: select id,`name`,pre_cate,uri,icon from cate WHERE pre_cate=29 AND status=7 ORDER BY `LEVEL` [ RunTime:0.0001s ]
NOTIC: [2] Missing argument 2 for Admin\Behaviors\CateBehavior::cateNav(), called in /var/www/html/Sdorms/Kc/Admin/Behaviors/CateBehavior.class.php on line 40 and defined /var/www/html/Sdorms/Kc/Admin/Behaviors/CateBehavior.class.php 第 64 行.
INFO: Run Admin\Behaviors\CateBehavior [ RunTime:0.000972s ]
INFO: [ cate ] --END-- [ RunTime:0.001007s ]
INFO: Run Behavior\ParseTemplateBehavior [ RunTime:0.017587s ]
INFO: [ view_parse ] --END-- [ RunTime:0.017612s ]
INFO: [ view_filter ] --START--
INFO: Run Behavior\WriteHtmlCacheBehavior [ RunTime:0.000052s ]
INFO: [ view_filter ] --END-- [ RunTime:0.000077s ]
INFO: [ app_end ] --START--
INFO: Run Behavior\ShowPageTraceBehavior [ RunTime:0.000070s ]
INFO: [ app_end ] --END-- [ RunTime:0.000127s ]

[ 2016-03-31T15:56:00+08:00 ] 127.0.0.1 /Sdorms/index.php/Admin/Article/detail/cate/29/mid/8/id/assets/js/flatvideo/jquery.fitvids.js
INFO: [ app_init ] --START--
INFO: Run Behavior\BuildLiteBehavior [ RunTime:0.000012s ]
INFO: [ app_init ] --END-- [ RunTime:0.000079s ]
INFO: [ app_begin ] --START--
INFO: Run Behavior\ReadHtmlCacheBehavior [ RunTime:0.000034s ]
INFO: [ app_begin ] --END-- [ RunTime:0.000068s ]
SQL: SHOW COLUMNS FROM `cate` [ RunTime:0.0005s ]
SQL: SELECT * FROM `cate` WHERE `id` = 29 LIMIT 1   [ RunTime:0.0001s ]
SQL: SHOW COLUMNS FROM `model` [ RunTime:0.0004s ]
SQL: SELECT `id`,`name` FROM `model` WHERE `id` IN ('8')  [ RunTime:0.0001s ]
SQL: SHOW COLUMNS FROM `model` [ RunTime:0.0004s ]
SQL: SELECT * FROM `model` WHERE `id` = 8 LIMIT 1   [ RunTime:0.0001s ]
SQL: SHOW COLUMNS FROM `room` [ RunTime:0.0004s ]
ERR: SQLSTATE[42S22]: Column not found: 1054 Unknown column 'assets' in 'where clause'

[ 2016-03-31T15:56:00+08:00 ] 127.0.0.1 /Sdorms/index.php/Admin/Article/detail/cate/29/mid/8/id/assets/js/flatvideo/jquery.fitvids.js
INFO: [ app_init ] --START--
INFO: Run Behavior\BuildLiteBehavior [ RunTime:0.000015s ]
INFO: [ app_init ] --END-- [ RunTime:0.000089s ]
INFO: [ app_begin ] --START--
INFO: Run Behavior\ReadHtmlCacheBehavior [ RunTime:0.000036s ]
INFO: [ app_begin ] --END-- [ RunTime:0.000075s ]
SQL: SHOW COLUMNS FROM `cate` [ RunTime:0.0005s ]
SQL: SELECT * FROM `cate` WHERE `id` = 29 LIMIT 1   [ RunTime:0.0001s ]
SQL: SHOW COLUMNS FROM `model` [ RunTime:0.0005s ]
SQL: SELECT `id`,`name` FROM `model` WHERE `id` IN ('8')  [ RunTime:0.0001s ]
SQL: SHOW COLUMNS FROM `model` [ RunTime:0.0006s ]
SQL: SELECT * FROM `model` WHERE `id` = 8 LIMIT 1   [ RunTime:0.0001s ]
SQL: SHOW COLUMNS FROM `room` [ RunTime:0.0005s ]
ERR: SQLSTATE[42S22]: Column not found: 1054 Unknown column 'assets' in 'where clause'

[ 2016-03-31T15:56:18+08:00 ] 127.0.0.1 /Sdorms/index.php/Admin/Article/listView/cate/29
INFO: [ app_init ] --START--
INFO: Run Behavior\BuildLiteBehavior [ RunTime:0.000019s ]
INFO: [ app_init ] --END-- [ RunTime:0.000135s ]
INFO: [ app_begin ] --START--
INFO: Run Behavior\ReadHtmlCacheBehavior [ RunTime:0.000054s ]
INFO: [ app_begin ] --END-- [ RunTime:0.000094s ]
SQL: SHOW COLUMNS FROM `cate` [ RunTime:0.0006s ]
SQL: SELECT * FROM `cate` WHERE `id` = 29 LIMIT 1   [ RunTime:0.0002s ]
SQL: SHOW COLUMNS FROM `model` [ RunTime:0.0004s ]
SQL: SELECT `id`,`name` FROM `model` WHERE `id` IN ('8')  [ RunTime:0.0002s ]
SQL: SHOW COLUMNS FROM `cate_atc` [ RunTime:0.0005s ]
SQL: SELECT COUNT(*) AS tp_count FROM `cate_atc` WHERE `status` = 1 AND `cate` = 29 LIMIT 1   [ RunTime:0.0003s ]
SQL: SELECT * FROM `cate_atc` WHERE `cate` = 29 ORDER BY createtime LIMIT 0,15   [ RunTime:0.0005s ]
SQL: SHOW COLUMNS FROM `cate` [ RunTime:0.0007s ]
SQL: SELECT * FROM `cate` WHERE `id` = 29 LIMIT 1   [ RunTime:0.0001s ]
SQL: SELECT `id`,`name` FROM `model` WHERE `id` IN ('8')  [ RunTime:0.0001s ]
SQL: SHOW COLUMNS FROM `model` [ RunTime:0.0006s ]
SQL: SELECT * FROM `model` WHERE `id` = 8 LIMIT 1   [ RunTime:0.0001s ]
SQL: SHOW COLUMNS FROM `room` [ RunTime:0.0006s ]
SQL: select address,price from room where id = 1 [ RunTime:0.0002s ]
NOTIC: [8] Undefined index: original_time /var/www/html/Sdorms/Kc/Admin/Model/RoomModel.class.php 第 32 行.
SQL: select address,price from room where id = 6 [ RunTime:0.0004s ]
NOTIC: [8] Undefined index: original_time /var/www/html/Sdorms/Kc/Admin/Model/RoomModel.class.php 第 32 行.
SQL: select address,price from room where id = 9 [ RunTime:0.0002s ]
NOTIC: [8] Undefined index: original_time /var/www/html/Sdorms/Kc/Admin/Model/RoomModel.class.php 第 32 行.
SQL: select address,price from room where id = 12 [ RunTime:0.0002s ]
NOTIC: [8] Undefined index: original_time /var/www/html/Sdorms/Kc/Admin/Model/RoomModel.class.php 第 32 行.
SQL: select address,price from room where id = 13 [ RunTime:0.0002s ]
NOTIC: [8] Undefined index: original_time /var/www/html/Sdorms/Kc/Admin/Model/RoomModel.class.php 第 32 行.
SQL: select address,price from room where id = 14 [ RunTime:0.0002s ]
NOTIC: [8] Undefined index: original_time /var/www/html/Sdorms/Kc/Admin/Model/RoomModel.class.php 第 32 行.
SQL: select address,price from room where id = 15 [ RunTime:0.0002s ]
NOTIC: [8] Undefined index: original_time /var/www/html/Sdorms/Kc/Admin/Model/RoomModel.class.php 第 32 行.
SQL: select address,price from room where id = 16 [ RunTime:0.0002s ]
NOTIC: [8] Undefined index: original_time /var/www/html/Sdorms/Kc/Admin/Model/RoomModel.class.php 第 32 行.
SQL: select address,price from room where id = 17 [ RunTime:0.0002s ]
NOTIC: [8] Undefined index: original_time /var/www/html/Sdorms/Kc/Admin/Model/RoomModel.class.php 第 32 行.
SQL: select address,price from room where id = 18 [ RunTime:0.0002s ]
NOTIC: [8] Undefined index: original_time /var/www/html/Sdorms/Kc/Admin/Model/RoomModel.class.php 第 32 行.
SQL: select address,price from room where id = 19 [ RunTime:0.0002s ]
NOTIC: [8] Undefined index: original_time /var/www/html/Sdorms/Kc/Admin/Model/RoomModel.class.php 第 32 行.
SQL: select address,price from room where id = 20 [ RunTime:0.0002s ]
NOTIC: [8] Undefined index: original_time /var/www/html/Sdorms/Kc/Admin/Model/RoomModel.class.php 第 32 行.
SQL: select address,price from room where id = 21 [ RunTime:0.0002s ]
NOTIC: [8] Undefined index: original_time /var/www/html/Sdorms/Kc/Admin/Model/RoomModel.class.php 第 32 行.
SQL: select address,price from room where id = 22 [ RunTime:0.0002s ]
NOTIC: [8] Undefined index: original_time /var/www/html/Sdorms/Kc/Admin/Model/RoomModel.class.php 第 32 行.
SQL: SHOW COLUMNS FROM `cate` [ RunTime:0.0007s ]
SQL: SELECT `model` FROM `cate` WHERE `id` = 29 LIMIT 1   [ RunTime:0.0002s ]
SQL: SELECT `id`,`name`,`identity` FROM `model` WHERE `id` IN ('8') AND `status` = 1  [ RunTime:0.0002s ]
INFO: [ view_parse ] --START--
INFO: [ template_filter ] --START--
INFO: Run Behavior\ContentReplaceBehavior [ RunTime:0.000123s ]
INFO: [ template_filter ] --END-- [ RunTime:0.000176s ]
INFO: [ cate ] --START--
SQL: select id,`name`,pre_cate,uri,icon from cate WHERE pre_cate=0 AND status=7 ORDER BY `LEVEL` [ RunTime:0.0002s ]
SQL: select id,`name`,pre_cate,uri,icon from cate WHERE pre_cate=30 AND status=7 ORDER BY `LEVEL` [ RunTime:0.0001s ]
SQL: select id,`name`,pre_cate,uri,icon from cate WHERE pre_cate=28 AND status=7 ORDER BY `LEVEL` [ RunTime:0.0001s ]
SQL: select id,`name`,pre_cate,uri,icon from cate WHERE pre_cate=29 AND status=7 ORDER BY `LEVEL` [ RunTime:0.0001s ]
NOTIC: [2] Missing argument 2 for Admin\Behaviors\CateBehavior::cateNav(), called in /var/www/html/Sdorms/Kc/Admin/Behaviors/CateBehavior.class.php on line 40 and defined /var/www/html/Sdorms/Kc/Admin/Behaviors/CateBehavior.class.php 第 64 行.
INFO: Run Admin\Behaviors\CateBehavior [ RunTime:0.000972s ]
INFO: [ cate ] --END-- [ RunTime:0.001018s ]
INFO: Run Behavior\ParseTemplateBehavior [ RunTime:0.027023s ]
INFO: [ view_parse ] --END-- [ RunTime:0.027051s ]
INFO: [ view_filter ] --START--
INFO: Run Behavior\WriteHtmlCacheBehavior [ RunTime:0.000037s ]
INFO: [ view_filter ] --END-- [ RunTime:0.000062s ]
INFO: [ app_end ] --START--
INFO: Run Behavior\ShowPageTraceBehavior [ RunTime:0.000038s ]
INFO: [ app_end ] --END-- [ RunTime:0.000066s ]

[ 2016-03-31T15:57:26+08:00 ] ::1 /Sdorms/index.php/Admin/Article/detail/cate/29/mid/8/id/337
INFO: [ app_init ] --START--
INFO: Run Behavior\BuildLiteBehavior [ RunTime:0.000018s ]
INFO: [ app_init ] --END-- [ RunTime:0.000151s ]
INFO: [ app_begin ] --START--
INFO: Run Behavior\ReadHtmlCacheBehavior [ RunTime:0.000062s ]
INFO: [ app_begin ] --END-- [ RunTime:0.000114s ]
SQL: SHOW COLUMNS FROM `cate` [ RunTime:0.0007s ]
SQL: SELECT * FROM `cate` WHERE `id` = 29 LIMIT 1   [ RunTime:0.0002s ]
SQL: SHOW COLUMNS FROM `model` [ RunTime:0.0007s ]
SQL: SELECT `id`,`name` FROM `model` WHERE `id` IN ('8')  [ RunTime:0.0001s ]
SQL: SHOW COLUMNS FROM `model` [ RunTime:0.0007s ]
SQL: SELECT * FROM `model` WHERE `id` = 8 LIMIT 1   [ RunTime:0.0001s ]
SQL: SHOW COLUMNS FROM `room` [ RunTime:0.0007s ]
SQL: select * from cate_atc WHERE id=337 [ RunTime:0.0001s ]
SQL: SELECT * FROM `room` WHERE ( id=20 ) LIMIT 1   [ RunTime:0.0001s ]
INFO: [ view_parse ] --START--
INFO: [ template_filter ] --START--
INFO: Run Behavior\ContentReplaceBehavior [ RunTime:0.000110s ]
INFO: [ template_filter ] --END-- [ RunTime:0.000156s ]
INFO: [ cate ] --START--
SQL: select id,`name`,pre_cate,uri,icon from cate WHERE pre_cate=0 AND status=7 ORDER BY `LEVEL` [ RunTime:0.0003s ]
SQL: select id,`name`,pre_cate,uri,icon from cate WHERE pre_cate=30 AND status=7 ORDER BY `LEVEL` [ RunTime:0.0002s ]
SQL: select id,`name`,pre_cate,uri,icon from cate WHERE pre_cate=28 AND status=7 ORDER BY `LEVEL` [ RunTime:0.0002s ]
SQL: select id,`name`,pre_cate,uri,icon from cate WHERE pre_cate=29 AND status=7 ORDER BY `LEVEL` [ RunTime:0.0002s ]
NOTIC: [2] Missing argument 2 for Admin\Behaviors\CateBehavior::cateNav(), called in /var/www/html/Sdorms/Kc/Admin/Behaviors/CateBehavior.class.php on line 40 and defined /var/www/html/Sdorms/Kc/Admin/Behaviors/CateBehavior.class.php 第 64 行.
INFO: Run Admin\Behaviors\CateBehavior [ RunTime:0.001311s ]
INFO: [ cate ] --END-- [ RunTime:0.001338s ]
INFO: Run Behavior\ParseTemplateBehavior [ RunTime:0.018968s ]
INFO: [ view_parse ] --END-- [ RunTime:0.019005s ]
INFO: [ view_filter ] --START--
INFO: Run Behavior\WriteHtmlCacheBehavior [ RunTime:0.000035s ]
INFO: [ view_filter ] --END-- [ RunTime:0.000055s ]
INFO: [ app_end ] --START--
INFO: Run Behavior\ShowPageTraceBehavior [ RunTime:0.000057s ]
INFO: [ app_end ] --END-- [ RunTime:0.000100s ]

[ 2016-03-31T15:57:26+08:00 ] ::1 /Sdorms/index.php/Admin/Article/detail/cate/29/mid/8/id/assets/js/flatvideo/jquery.fitvids.js
INFO: [ app_init ] --START--
INFO: Run Behavior\BuildLiteBehavior [ RunTime:0.000019s ]
INFO: [ app_init ] --END-- [ RunTime:0.000126s ]
INFO: [ app_begin ] --START--
INFO: Run Behavior\ReadHtmlCacheBehavior [ RunTime:0.000066s ]
INFO: [ app_begin ] --END-- [ RunTime:0.000124s ]
SQL: SHOW COLUMNS FROM `cate` [ RunTime:0.0008s ]
SQL: SELECT * FROM `cate` WHERE `id` = 29 LIMIT 1   [ RunTime:0.0002s ]
SQL: SHOW COLUMNS FROM `model` [ RunTime:0.0007s ]
SQL: SELECT `id`,`name` FROM `model` WHERE `id` IN ('8')  [ RunTime:0.0001s ]
SQL: SHOW COLUMNS FROM `model` [ RunTime:0.0007s ]
SQL: SELECT * FROM `model` WHERE `id` = 8 LIMIT 1   [ RunTime:0.0001s ]
SQL: SHOW COLUMNS FROM `room` [ RunTime:0.0006s ]
ERR: SQLSTATE[42S22]: Column not found: 1054 Unknown column 'assets' in 'where clause'

[ 2016-03-31T15:57:41+08:00 ] ::1 /Sdorms/index.php/Admin/Article/listView/cate/29
INFO: [ app_init ] --START--
INFO: Run Behavior\BuildLiteBehavior [ RunTime:0.000009s ]
INFO: [ app_init ] --END-- [ RunTime:0.000059s ]
INFO: [ app_begin ] --START--
INFO: Run Behavior\ReadHtmlCacheBehavior [ RunTime:0.000025s ]
INFO: [ app_begin ] --END-- [ RunTime:0.000048s ]
SQL: SHOW COLUMNS FROM `cate` [ RunTime:0.0006s ]
SQL: SELECT * FROM `cate` WHERE `id` = 29 LIMIT 1   [ RunTime:0.0002s ]
SQL: SHOW COLUMNS FROM `model` [ RunTime:0.0006s ]
SQL: SELECT `id`,`name` FROM `model` WHERE `id` IN ('8')  [ RunTime:0.0002s ]
SQL: SHOW COLUMNS FROM `cate_atc` [ RunTime:0.0005s ]
SQL: SELECT COUNT(*) AS tp_count FROM `cate_atc` WHERE `status` = 1 AND `cate` = 29 LIMIT 1   [ RunTime:0.0001s ]
SQL: SELECT * FROM `cate_atc` WHERE `cate` = 29 ORDER BY createtime LIMIT 0,15   [ RunTime:0.0003s ]
SQL: SHOW COLUMNS FROM `cate` [ RunTime:0.0008s ]
SQL: SELECT * FROM `cate` WHERE `id` = 29 LIMIT 1   [ RunTime:0.0002s ]
SQL: SELECT `id`,`name` FROM `model` WHERE `id` IN ('8')  [ RunTime:0.0002s ]
SQL: SHOW COLUMNS FROM `model` [ RunTime:0.0007s ]
SQL: SELECT * FROM `model` WHERE `id` = 8 LIMIT 1   [ RunTime:0.0002s ]
SQL: SHOW COLUMNS FROM `room` [ RunTime:0.0008s ]
SQL: select address,price from room where id = 1 [ RunTime:0.0001s ]
NOTIC: [8] Undefined index: original_time /var/www/html/Sdorms/Kc/Admin/Model/RoomModel.class.php 第 32 行.
SQL: select address,price from room where id = 6 [ RunTime:0.0001s ]
NOTIC: [8] Undefined index: original_time /var/www/html/Sdorms/Kc/Admin/Model/RoomModel.class.php 第 32 行.
SQL: select address,price from room where id = 9 [ RunTime:0.0001s ]
NOTIC: [8] Undefined index: original_time /var/www/html/Sdorms/Kc/Admin/Model/RoomModel.class.php 第 32 行.
SQL: select address,price from room where id = 12 [ RunTime:0.0001s ]
NOTIC: [8] Undefined index: original_time /var/www/html/Sdorms/Kc/Admin/Model/RoomModel.class.php 第 32 行.
SQL: select address,price from room where id = 13 [ RunTime:0.0001s ]
NOTIC: [8] Undefined index: original_time /var/www/html/Sdorms/Kc/Admin/Model/RoomModel.class.php 第 32 行.
SQL: select address,price from room where id = 14 [ RunTime:0.0001s ]
NOTIC: [8] Undefined index: original_time /var/www/html/Sdorms/Kc/Admin/Model/RoomModel.class.php 第 32 行.
SQL: select address,price from room where id = 15 [ RunTime:0.0001s ]
NOTIC: [8] Undefined index: original_time /var/www/html/Sdorms/Kc/Admin/Model/RoomModel.class.php 第 32 行.
SQL: select address,price from room where id = 16 [ RunTime:0.0001s ]
NOTIC: [8] Undefined index: original_time /var/www/html/Sdorms/Kc/Admin/Model/RoomModel.class.php 第 32 行.
SQL: select address,price from room where id = 17 [ RunTime:0.0001s ]
NOTIC: [8] Undefined index: original_time /var/www/html/Sdorms/Kc/Admin/Model/RoomModel.class.php 第 32 行.
SQL: select address,price from room where id = 18 [ RunTime:0.0001s ]
NOTIC: [8] Undefined index: original_time /var/www/html/Sdorms/Kc/Admin/Model/RoomModel.class.php 第 32 行.
SQL: select address,price from room where id = 19 [ RunTime:0.0001s ]
NOTIC: [8] Undefined index: original_time /var/www/html/Sdorms/Kc/Admin/Model/RoomModel.class.php 第 32 行.
SQL: select address,price from room where id = 20 [ RunTime:0.0002s ]
NOTIC: [8] Undefined index: original_time /var/www/html/Sdorms/Kc/Admin/Model/RoomModel.class.php 第 32 行.
SQL: select address,price from room where id = 21 [ RunTime:0.0001s ]
NOTIC: [8] Undefined index: original_time /var/www/html/Sdorms/Kc/Admin/Model/RoomModel.class.php 第 32 行.
SQL: select address,price from room where id = 22 [ RunTime:0.0001s ]
NOTIC: [8] Undefined index: original_time /var/www/html/Sdorms/Kc/Admin/Model/RoomModel.class.php 第 32 行.
SQL: SHOW COLUMNS FROM `cate` [ RunTime:0.0008s ]
SQL: SELECT `model` FROM `cate` WHERE `id` = 29 LIMIT 1   [ RunTime:0.0002s ]
SQL: SELECT `id`,`name`,`identity` FROM `model` WHERE `id` IN ('8') AND `status` = 1  [ RunTime:0.0001s ]
INFO: [ view_parse ] --START--
INFO: [ template_filter ] --START--
INFO: Run Behavior\ContentReplaceBehavior [ RunTime:0.000080s ]
INFO: [ template_filter ] --END-- [ RunTime:0.000124s ]
INFO: [ cate ] --START--
SQL: select id,`name`,pre_cate,uri,icon from cate WHERE pre_cate=0 AND status=7 ORDER BY `LEVEL` [ RunTime:0.0002s ]
SQL: select id,`name`,pre_cate,uri,icon from cate WHERE pre_cate=30 AND status=7 ORDER BY `LEVEL` [ RunTime:0.0001s ]
SQL: select id,`name`,pre_cate,uri,icon from cate WHERE pre_cate=28 AND status=7 ORDER BY `LEVEL` [ RunTime:0.0001s ]
SQL: select id,`name`,pre_cate,uri,icon from cate WHERE pre_cate=29 AND status=7 ORDER BY `LEVEL` [ RunTime:0.0001s ]
NOTIC: [2] Missing argument 2 for Admin\Behaviors\CateBehavior::cateNav(), called in /var/www/html/Sdorms/Kc/Admin/Behaviors/CateBehavior.class.php on line 40 and defined /var/www/html/Sdorms/Kc/Admin/Behaviors/CateBehavior.class.php 第 64 行.
INFO: Run Admin\Behaviors\CateBehavior [ RunTime:0.000850s ]
INFO: [ cate ] --END-- [ RunTime:0.000877s ]
INFO: Run Behavior\ParseTemplateBehavior [ RunTime:0.019907s ]
INFO: [ view_parse ] --END-- [ RunTime:0.019947s ]
INFO: [ view_filter ] --START--
INFO: Run Behavior\WriteHtmlCacheBehavior [ RunTime:0.000029s ]
INFO: [ view_filter ] --END-- [ RunTime:0.000052s ]
INFO: [ app_end ] --START--
INFO: Run Behavior\ShowPageTraceBehavior [ RunTime:0.000029s ]
INFO: [ app_end ] --END-- [ RunTime:0.000056s ]

[ 2016-03-31T19:50:50+08:00 ] ::1 /Sdorms/index.php/Admin/Article/detail/cate/29/mid/8/id/318
INFO: [ app_init ] --START--
INFO: Run Behavior\BuildLiteBehavior [ RunTime:0.000010s ]
INFO: [ app_init ] --END-- [ RunTime:0.000072s ]
INFO: [ app_begin ] --START--
INFO: Run Behavior\ReadHtmlCacheBehavior [ RunTime:0.000032s ]
INFO: [ app_begin ] --END-- [ RunTime:0.000062s ]
SQL: SHOW COLUMNS FROM `cate` [ RunTime:0.0005s ]
SQL: SELECT * FROM `cate` WHERE `id` = 29 LIMIT 1   [ RunTime:0.0001s ]
SQL: SHOW COLUMNS FROM `model` [ RunTime:0.0004s ]
SQL: SELECT `id`,`name` FROM `model` WHERE `id` IN ('8')  [ RunTime:0.0001s ]
SQL: SHOW COLUMNS FROM `model` [ RunTime:0.0004s ]
SQL: SELECT * FROM `model` WHERE `id` = 8 LIMIT 1   [ RunTime:0.0001s ]
SQL: SHOW COLUMNS FROM `room` [ RunTime:0.0004s ]
SQL: select * from cate_atc WHERE id=318 [ RunTime:0.0001s ]
SQL: SELECT * FROM `room` WHERE ( id=1 ) LIMIT 1   [ RunTime:0.0001s ]
INFO: [ view_parse ] --START--
INFO: [ template_filter ] --START--
INFO: Run Behavior\ContentReplaceBehavior [ RunTime:0.000094s ]
INFO: [ template_filter ] --END-- [ RunTime:0.000143s ]
INFO: [ cate ] --START--
SQL: select id,`name`,pre_cate,uri,icon from cate WHERE pre_cate=0 AND status=7 ORDER BY `LEVEL` [ RunTime:0.0001s ]
SQL: select id,`name`,pre_cate,uri,icon from cate WHERE pre_cate=30 AND status=7 ORDER BY `LEVEL` [ RunTime:0.0001s ]
SQL: select id,`name`,pre_cate,uri,icon from cate WHERE pre_cate=28 AND status=7 ORDER BY `LEVEL` [ RunTime:0.0001s ]
SQL: select id,`name`,pre_cate,uri,icon from cate WHERE pre_cate=29 AND status=7 ORDER BY `LEVEL` [ RunTime:0.0001s ]
NOTIC: [2] Missing argument 2 for Admin\Behaviors\CateBehavior::cateNav(), called in /var/www/html/Sdorms/Kc/Admin/Behaviors/CateBehavior.class.php on line 40 and defined /var/www/html/Sdorms/Kc/Admin/Behaviors/CateBehavior.class.php 第 64 行.
INFO: Run Admin\Behaviors\CateBehavior [ RunTime:0.000763s ]
INFO: [ cate ] --END-- [ RunTime:0.000794s ]
INFO: Run Behavior\ParseTemplateBehavior [ RunTime:0.019743s ]
INFO: [ view_parse ] --END-- [ RunTime:0.019768s ]
INFO: [ view_filter ] --START--
INFO: Run Behavior\WriteHtmlCacheBehavior [ RunTime:0.000033s ]
INFO: [ view_filter ] --END-- [ RunTime:0.000055s ]
INFO: [ app_end ] --START--
INFO: Run Behavior\ShowPageTraceBehavior [ RunTime:0.000042s ]
INFO: [ app_end ] --END-- [ RunTime:0.000075s ]

[ 2016-03-31T19:50:50+08:00 ] ::1 /Sdorms/index.php/Admin/Article/detail/cate/29/mid/8/id/assets/js/flatvideo/jquery.fitvids.js
INFO: [ app_init ] --START--
INFO: Run Behavior\BuildLiteBehavior [ RunTime:0.000016s ]
INFO: [ app_init ] --END-- [ RunTime:0.000103s ]
INFO: [ app_begin ] --START--
INFO: Run Behavior\ReadHtmlCacheBehavior [ RunTime:0.000056s ]
INFO: [ app_begin ] --END-- [ RunTime:0.000102s ]
SQL: SHOW COLUMNS FROM `cate` [ RunTime:0.0006s ]
SQL: SELECT * FROM `cate` WHERE `id` = 29 LIMIT 1   [ RunTime:0.0001s ]
SQL: SHOW COLUMNS FROM `model` [ RunTime:0.0007s ]
SQL: SELECT `id`,`name` FROM `model` WHERE `id` IN ('8')  [ RunTime:0.0001s ]
SQL: SHOW COLUMNS FROM `model` [ RunTime:0.0006s ]
SQL: SELECT * FROM `model` WHERE `id` = 8 LIMIT 1   [ RunTime:0.0001s ]
SQL: SHOW COLUMNS FROM `room` [ RunTime:0.0006s ]
ERR: SQLSTATE[42S22]: Column not found: 1054 Unknown column 'assets' in 'where clause'

